<?xml version="1.0" encoding="UTF-8"?>
<!-- Generated by org.testng.reporters.JUnitReportReporter -->
<testsuite hostname="sivarajs-MacBook-Air.local" failures="0" tests="1" name="Day_2.DiffwaystoCreatePostReq" time="1.209" errors="0" timestamp="2024-07-29T07:45:24 IST" skipped="0">
  <testcase classname="Day_2.DiffwaystoCreatePostReq" name="externalJsonfile" time="1.209"/>
</testsuite> <!-- Day_2.DiffwaystoCreatePostReq -->
