<?xml version="1.0" encoding="UTF-8"?>
<!-- Generated by org.testng.reporters.JUnitReportReporter -->
<testsuite hostname="sivarajs-MacBook-Air.local" failures="0" tests="4" name="Day_1.HttpRequests" time="2.938" errors="0" timestamp="2024-07-26T18:05:42 IST" skipped="0">
  <testcase classname="Day_1.HttpRequests" name="getusers" time="1.086"/>
  <testcase classname="Day_1.HttpRequests" name="createUser" time="0.707"/>
  <testcase classname="Day_1.HttpRequests" name="updateuser" time="0.713"/>
  <testcase classname="Day_1.HttpRequests" name="deleteUser" time="0.432"/>
</testsuite> <!-- Day_1.HttpRequests -->
